<?xml version="1.0" encoding="UTF-8"?>
<testsuite xmlns:xsi="http://www.w3.org/2001/XMLSchema-instance" xsi:noNamespaceSchemaLocation="https://maven.apache.org/surefire/maven-surefire-plugin/xsd/surefire-test-report.xsd" name="com.mycompany.app.AppTest" time="0.011" tests="8" errors="0" skipped="0" failures="5">
  <properties>
[...]
</properties>
  <testcase name="newLineChar" classname="com.mycompany.app.AppTest" time="0.007">
    <failure message="newLineChar expected:&lt;2[5].0&gt; but was:&lt;2[6].0&gt;" type="org.junit.ComparisonFailure"><![CDATA[org.junit.ComparisonFailure: newLineChar expected:<2[5].0> but was:<2[6].0>
	at com.mycompany.app.AppTest.newLineChar(AppTest.java:57)
]]></failure>
    <system-out><![CDATA[The result is 26.0
]]></system-out>
  </testcase>
  <testcase name="shouldAnswerWithTrue" classname="com.mycompany.app.AppTest" time="0"/>
  <testcase name="rightAnswer" classname="com.mycompany.app.AppTest" time="0"/>
  <testcase name="scops" classname="com.mycompany.app.AppTest" time="0.001">
    <failure message="scops expected:&lt;[true]&gt; but was:&lt;[error]&gt;" type="org.junit.ComparisonFailure"><![CDATA[org.junit.ComparisonFailure: scops expected:<[true]> but was:<[error]>
	at com.mycompany.app.AppTest.scops(AppTest.java:29)
]]></failure>
    <system-out><![CDATA[Expression error.
]]></system-out>
  </testcase>
  <testcase name="fileReaderTest" classname="com.mycompany.app.AppTest" time="0"/>
  <testcase name="multiOperator" classname="com.mycompany.app.AppTest" time="0">
    <failure message="multiOperator expected:&lt;er[]or&gt; but was:&lt;er[r]or&gt;" type="org.junit.ComparisonFailure"><![CDATA[org.junit.ComparisonFailure: multiOperator expected:<er[]or> but was:<er[r]or>
	at com.mycompany.app.AppTest.multiOperator(AppTest.java:43)
]]></failure>
    <system-out><![CDATA[Expression error.
Expression error.
]]></system-out>
  </testcase>
  <testcase name="undefinedOperand" classname="com.mycompany.app.AppTest" time="0">
    <failure message="undefinedOperand expected:&lt;er[]or&gt; but was:&lt;er[r]or&gt;" type="org.junit.ComparisonFailure"><![CDATA[org.junit.ComparisonFailure: undefinedOperand expected:<er[]or> but was:<er[r]or>
	at com.mycompany.app.AppTest.undefinedOperand(AppTest.java:50)
]]></failure>
    <system-out><![CDATA[Expression error.
Expression error.
]]></system-out>
  </testcase>
  <testcase name="divideByZero" classname="com.mycompany.app.AppTest" time="0">
    <failure message="divideByZero expected:&lt;[error]&gt; but was:&lt;[Infinity]&gt;" type="org.junit.ComparisonFailure"><![CDATA[org.junit.ComparisonFailure: divideByZero expected:<[error]> but was:<[Infinity]>
	at com.mycompany.app.AppTest.divideByZero(AppTest.java:36)
]]></failure>
    <system-out><![CDATA[The result is Infinity
]]></system-out>
  </testcase>
</testsuite>