<?xml version="1.0" encoding="UTF-8"?>
<!-- Generated by org.testng.reporters.JUnitXMLReporter -->
<testsuite hostname="MC-0094" ignored="0" name="Surefire test" tests="2" failures="0" timestamp="06 Aug 2019 14:26:36 GMT" time="80.51" errors="0">
  <testcase name="@BeforeTest setup" time="80.463" classname="am.instigatembile.com.TestSignInPage">
    <failure type="io.github.bonigarcia.wdm.WebDriverManagerException" message="java.net.SocketTimeoutException: Read timed out">
      <![CDATA[io.github.bonigarcia.wdm.WebDriverManagerException: java.net.SocketTimeoutException: Read timed out
at io.github.bonigarcia.wdm.WebDriverManager.handleException(WebDriverManager.java:725)
at io.github.bonigarcia.wdm.WebDriverManager.manage(WebDriverManager.java:548)
at io.github.bonigarcia.wdm.WebDriverManager.handleException(WebDriverManager.java:722)
at io.github.bonigarcia.wdm.WebDriverManager.manage(WebDriverManager.java:548)
at io.github.bonigarcia.wdm.WebDriverManager.setup(WebDriverManager.java:260)
at am.instigatembile.com.TestSignInPage.setup(TestSignInPage.java:39)
Caused by: java.net.SocketTimeoutException: Read timed out
at java.net.SocketInputStream.socketRead0(Native Method)
at java.net.SocketInputStream.socketRead(SocketInputStream.java:116)
at java.net.SocketInputStream.read(SocketInputStream.java:171)
at java.net.SocketInputStream.read(SocketInputStream.java:141)
at org.apache.http.impl.io.SessionInputBufferImpl.streamRead(SessionInputBufferImpl.java:137)
at org.apache.http.impl.io.SessionInputBufferImpl.fillBuffer(SessionInputBufferImpl.java:153)
at org.apache.http.impl.io.SessionInputBufferImpl.readLine(SessionInputBufferImpl.java:282)
at org.apache.http.impl.conn.DefaultHttpResponseParser.parseHead(DefaultHttpResponseParser.java:138)
at org.apache.http.impl.conn.DefaultHttpResponseParser.parseHead(DefaultHttpResponseParser.java:56)
at org.apache.http.impl.io.AbstractMessageParser.parse(AbstractMessageParser.java:259)
at org.apache.http.impl.DefaultBHttpClientConnection.receiveResponseHeader(DefaultBHttpClientConnection.java:163)
at org.apache.http.impl.conn.CPoolProxy.receiveResponseHeader(CPoolProxy.java:165)
at org.apache.http.protocol.HttpRequestExecutor.doReceiveResponse(HttpRequestExecutor.java:273)
at org.apache.http.protocol.HttpRequestExecutor.execute(HttpRequestExecutor.java:125)
at org.apache.http.impl.execchain.MainClientExec.execute(MainClientExec.java:272)
at org.apache.http.impl.execchain.ProtocolExec.execute(ProtocolExec.java:185)
at org.apache.http.impl.execchain.RetryExec.execute(RetryExec.java:89)
at org.apache.http.impl.execchain.RedirectExec.execute(RedirectExec.java:110)
at org.apache.http.impl.client.InternalHttpClient.doExecute(InternalHttpClient.java:185)
at org.apache.http.impl.client.CloseableHttpClient.execute(CloseableHttpClient.java:83)
at org.apache.http.impl.client.CloseableHttpClient.execute(CloseableHttpClient.java:108)
at io.github.bonigarcia.wdm.HttpClient.execute(HttpClient.java:159)
at io.github.bonigarcia.wdm.WebDriverManager.getDriversFromMirror(WebDriverManager.java:993)
at io.github.bonigarcia.wdm.WebDriverManager.getDriversFromMirror(WebDriverManager.java:1003)
at io.github.bonigarcia.wdm.ChromeDriverManager.getDrivers(ChromeDriverManager.java:83)
at io.github.bonigarcia.wdm.WebDriverManager.filterCandidateUrls(WebDriverManager.java:741)
at io.github.bonigarcia.wdm.WebDriverManager.manage(WebDriverManager.java:534)
... 32 more
... Removed 28 stack frames]]>
    </failure>
  </testcase> <!-- @BeforeTest setup -->
  <testcase name="@BeforeTest setup" time="0.0" classname="am.instigatembile.com.TestSignUpPage">
    <skipped/>
  </testcase> <!-- @BeforeTest setup -->
  <testcase name="@AfterTest closeDriver" time="0.0" classname="am.instigatembile.com.TestSignInPage">
    <skipped/>
  </testcase> <!-- @AfterTest closeDriver -->
  <testcase name="@AfterTest closeDriver" time="0.0" classname="am.instigatembile.com.TestSignUpPage">
    <skipped/>
  </testcase> <!-- @AfterTest closeDriver -->
  <testcase name="test_Login_Page_Appear_Correct" time="0.0" classname="am.instigatembile.com.TestSignUpPage">
    <skipped/>
  </testcase> <!-- test_Login_Page_Appear_Correct -->
  <testcase name="test_Home_Page_Appear_Correct" time="0.0" classname="am.instigatembile.com.TestSignInPage">
    <skipped/>
  </testcase> <!-- test_Home_Page_Appear_Correct -->
</testsuite> <!-- Surefire test -->
