<?xml version="1.0" encoding="UTF-8"?>
<testsuite xmlns:xsi="http://www.w3.org/2001/XMLSchema-instance" xsi:noNamespaceSchemaLocation="https://maven.apache.org/surefire/maven-surefire-plugin/xsd/surefire-test-report.xsd" name="am.Instigate.app.AppTest" time="0.045" tests="16" errors="0" skipped="1" failures="0">
  <properties>
[...]
</properties>
  <testcase name="isBalansedTest" classname="am.Instigate.app.AppTest" time="0.002"/>
  <testcase name="priorityMinusTrue" classname="am.Instigate.app.AppTest" time="0"/>
  <testcase name="evalExpressionTrue" classname="am.Instigate.app.AppTest" time="0.001"/>
  <testcase name="priorityPlusTrue" classname="am.Instigate.app.AppTest" time="0"/>
  <testcase name="priorityDivTrue" classname="am.Instigate.app.AppTest" time="0"/>
  <testcase name="isBalansedTestShuldReturnFalse" classname="am.Instigate.app.AppTest" time="0"/>
  <testcase name="readFromFileWidthExeption" classname="am.Instigate.app.AppTest" time="0.006"/>
  <testcase name="writeInFileWidthExeption" classname="am.Instigate.app.AppTest" time="0"/>
  <testcase name="priorityMultiplyTrue" classname="am.Instigate.app.AppTest" time="0.001"/>
  <testcase name="optionPlusTrue" classname="am.Instigate.app.AppTest" time="0"/>
  <testcase name="optionMultiplyTrue" classname="am.Instigate.app.AppTest" time="0.001"/>
  <testcase name="optionDivTrue" classname="am.Instigate.app.AppTest" time="0"/>
  <testcase name="writeInFile" classname="am.Instigate.app.AppTest" time="0"/>
  <testcase name="optionMinusTrue" classname="am.Instigate.app.AppTest" time="0.001"/>
  <testcase name="readFromFile" classname="am.Instigate.app.AppTest" time="0.001"/>
  <testcase name="readAFromFileWidthExeption" classname="am.Instigate.app.AppTest" time="0">
    <skipped/>
  </testcase>
</testsuite>