<?xml version="1.0" encoding="UTF-8"?>
<testsuite name="TestSuite" time="80.943" tests="6" errors="0" skipped="5" failures="1">
  <properties>
[...]
</properties>
  <testcase name="setup" classname="am.instigatembile.com.TestSignInPage" time="80.943">
    <failure message="java.net.SocketTimeoutException: Read timed out" type="io.github.bonigarcia.wdm.WebDriverManagerException">io.github.bonigarcia.wdm.WebDriverManagerException: java.net.SocketTimeoutException: Read timed out
	at java.net.SocketInputStream.socketRead0(Native Method)
	at java.net.SocketInputStream.socketRead(SocketInputStream.java:116)
	at java.net.SocketInputStream.read(SocketInputStream.java:171)
	at java.net.SocketInputStream.read(SocketInputStream.java:141)
	at org.apache.http.impl.io.SessionInputBufferImpl.streamRead(SessionInputBufferImpl.java:137)
	at org.apache.http.impl.io.SessionInputBufferImpl.fillBuffer(SessionInputBufferImpl.java:153)
	at org.apache.http.impl.io.SessionInputBufferImpl.readLine(SessionInputBufferImpl.java:282)
	at org.apache.http.impl.conn.DefaultHttpResponseParser.parseHead(DefaultHttpResponseParser.java:138)
	at org.apache.http.impl.conn.DefaultHttpResponseParser.parseHead(DefaultHttpResponseParser.java:56)
	at org.apache.http.impl.io.AbstractMessageParser.parse(AbstractMessageParser.java:259)
	at org.apache.http.impl.DefaultBHttpClientConnection.receiveResponseHeader(DefaultBHttpClientConnection.java:163)
	at org.apache.http.impl.conn.CPoolProxy.receiveResponseHeader(CPoolProxy.java:165)
	at org.apache.http.protocol.HttpRequestExecutor.doReceiveResponse(HttpRequestExecutor.java:273)
	at org.apache.http.protocol.HttpRequestExecutor.execute(HttpRequestExecutor.java:125)
	at org.apache.http.impl.execchain.MainClientExec.execute(MainClientExec.java:272)
	at org.apache.http.impl.execchain.ProtocolExec.execute(ProtocolExec.java:185)
	at org.apache.http.impl.execchain.RetryExec.execute(RetryExec.java:89)
	at org.apache.http.impl.execchain.RedirectExec.execute(RedirectExec.java:110)
	at org.apache.http.impl.client.InternalHttpClient.doExecute(InternalHttpClient.java:185)
	at org.apache.http.impl.client.CloseableHttpClient.execute(CloseableHttpClient.java:83)
	at org.apache.http.impl.client.CloseableHttpClient.execute(CloseableHttpClient.java:108)
	at io.github.bonigarcia.wdm.HttpClient.execute(HttpClient.java:159)
	at io.github.bonigarcia.wdm.WebDriverManager.getDriversFromMirror(WebDriverManager.java:993)
	at io.github.bonigarcia.wdm.WebDriverManager.getDriversFromMirror(WebDriverManager.java:1003)
	at io.github.bonigarcia.wdm.ChromeDriverManager.getDrivers(ChromeDriverManager.java:83)
	at io.github.bonigarcia.wdm.WebDriverManager.filterCandidateUrls(WebDriverManager.java:741)
	at io.github.bonigarcia.wdm.WebDriverManager.manage(WebDriverManager.java:534)
	at io.github.bonigarcia.wdm.WebDriverManager.handleException(WebDriverManager.java:722)
	at io.github.bonigarcia.wdm.WebDriverManager.manage(WebDriverManager.java:548)
	at io.github.bonigarcia.wdm.WebDriverManager.setup(WebDriverManager.java:260)
	at am.instigatembile.com.TestSignInPage.setup(TestSignInPage.java:39)
</failure>
    <system-out><![CDATA[Configuring TestNG with: TestNG652Configurator
]]></system-out>
    <system-err><![CDATA[SLF4J: Failed to load class "org.slf4j.impl.StaticLoggerBinder".
SLF4J: Defaulting to no-operation (NOP) logger implementation
SLF4J: See http://www.slf4j.org/codes.html#StaticLoggerBinder for further details.
]]></system-err>
  </testcase>
  <testcase name="setup" classname="am.instigatembile.com.TestSignInPage" time="0">
    <skipped/>
  </testcase>
  <testcase name="test_Login_Page_Appear_Correct" classname="am.instigatembile.com.TestSignUpPage" time="0">
    <skipped/>
  </testcase>
  <testcase name="test_Home_Page_Appear_Correct" classname="am.instigatembile.com.TestSignInPage" time="0">
    <skipped/>
  </testcase>
  <testcase name="closeDriver" classname="am.instigatembile.com.TestSignInPage" time="0">
    <skipped/>
  </testcase>
  <testcase name="closeDriver" classname="am.instigatembile.com.TestSignInPage" time="0">
    <skipped/>
  </testcase>
</testsuite>