<?xml version="1.0" encoding="UTF-8"?>
<testsuite name="TestSuite" time="5.392" tests="10" errors="0" skipped="0" failures="2">
  <properties>
[...]
</properties>
  <testcase name="test_Home_Page_Appear_Correct" classname="am.instigatembile.com.TestSignInPage" time="0.361"/>
  <testcase name="testTakeScreenShot" classname="am.instigatembile.com.TestSignUpPage" time="0.325"/>
  <testcase name="test_Page_Title_Correct" classname="am.instigatembile.com.TestSignUpPage" time="0.017"/>
  <testcase name="test_Age_Emptyt" classname="am.instigatembile.com.TestSignUpPage" time="0.923"/>
  <testcase name="test_Age_Is_Firs_Simbol_Check" classname="am.instigatembile.com.TestSignUpPage" time="0.674">
    <failure message="String index out of range: 0" type="java.lang.StringIndexOutOfBoundsException">java.lang.StringIndexOutOfBoundsException: String index out of range: 0
	at java.lang.String.charAt(String.java:658)
	at am.instigatembile.com.TestSignUpPage.test_Age_Is_Firs_Simbol_Check(TestSignUpPage.java:243)
</failure>
  </testcase>
  <testcase name="test_Name_Is_Emptyt" classname="am.instigatembile.com.TestSignUpPage" time="0.661"/>
  <testcase name="test_Name_Is_Firs_Simbol_Check" classname="am.instigatembile.com.TestSignUpPage" time="0.602"/>
  <testcase name="test_Password_Emptyt" classname="am.instigatembile.com.TestSignUpPage" time="0.633"/>
  <testcase name="test_SurName_Is_Emptyt" classname="am.instigatembile.com.TestSignUpPage" time="0.556"/>
  <testcase name="test_SurName_Is_Firs_Simbol_Check" classname="am.instigatembile.com.TestSignUpPage" time="0.64">
    <failure message="expected [true] but found [false]" type="java.lang.AssertionError">java.lang.AssertionError: expected [true] but found [false]
	at org.testng.Assert.fail(Assert.java:96)
	at org.testng.Assert.failNotEquals(Assert.java:776)
	at org.testng.Assert.assertTrue(Assert.java:44)
	at org.testng.Assert.assertTrue(Assert.java:54)
	at am.instigatembile.com.TestSignUpPage.test_SurName_Is_Firs_Simbol_Check(TestSignUpPage.java:216)
</failure>
  </testcase>
</testsuite>