<?xml version="1.0" encoding="UTF-8"?>
<testng-results skipped="2" failed="0" ignored="0" total="2" passed="0">
  <reporter-output>
  </reporter-output>
  <suite name="Surefire suite" duration-ms="80510" started-at="2019-08-06T14:25:15Z" finished-at="2019-08-06T14:26:36Z">
    <groups>
    </groups>
    <test name="Surefire test" duration-ms="80510" started-at="2019-08-06T14:25:15Z" finished-at="2019-08-06T14:26:36Z">
      <class name="am.instigatembile.com.TestSignInPage">
        <test-method status="FAIL" signature="setup()[pri:0, instance:am.instigatembile.com.TestSignInPage@43a25848]" name="setup" is-config="true" duration-ms="80463" started-at="2019-08-06T14:25:15Z" finished-at="2019-08-06T14:26:36Z">
          <exception class="io.github.bonigarcia.wdm.WebDriverManagerException">
            <message>
              <![CDATA[java.net.SocketTimeoutException: Read timed out]]>
            </message>
            <full-stacktrace>
              <![CDATA[io.github.bonigarcia.wdm.WebDriverManagerException: java.net.SocketTimeoutException: Read timed out
at io.github.bonigarcia.wdm.WebDriverManager.handleException(WebDriverManager.java:725)
at io.github.bonigarcia.wdm.WebDriverManager.manage(WebDriverManager.java:548)
at io.github.bonigarcia.wdm.WebDriverManager.handleException(WebDriverManager.java:722)
at io.github.bonigarcia.wdm.WebDriverManager.manage(WebDriverManager.java:548)
at io.github.bonigarcia.wdm.WebDriverManager.setup(WebDriverManager.java:260)
at am.instigatembile.com.TestSignInPage.setup(TestSignInPage.java:39)
at sun.reflect.NativeMethodAccessorImpl.invoke0(Native Method)
at sun.reflect.NativeMethodAccessorImpl.invoke(NativeMethodAccessorImpl.java:62)
at sun.reflect.DelegatingMethodAccessorImpl.invoke(DelegatingMethodAccessorImpl.java:43)
at java.lang.reflect.Method.invoke(Method.java:498)
at org.testng.internal.MethodInvocationHelper.invokeMethod(MethodInvocationHelper.java:124)
at org.testng.internal.MethodInvocationHelper.invokeMethodConsideringTimeout(MethodInvocationHelper.java:59)
at org.testng.internal.Invoker.invokeConfigurationMethod(Invoker.java:458)
at org.testng.internal.Invoker.invokeConfigurations(Invoker.java:222)
at org.testng.internal.Invoker.invokeConfigurations(Invoker.java:142)
at org.testng.TestRunner.beforeRun(TestRunner.java:529)
at org.testng.TestRunner.run(TestRunner.java:497)
at org.testng.SuiteRunner.runTest(SuiteRunner.java:455)
at org.testng.SuiteRunner.runSequentially(SuiteRunner.java:450)
at org.testng.SuiteRunner.privateRun(SuiteRunner.java:415)
at org.testng.SuiteRunner.run(SuiteRunner.java:364)
at org.testng.SuiteRunnerWorker.runSuite(SuiteRunnerWorker.java:52)
at org.testng.SuiteRunnerWorker.run(SuiteRunnerWorker.java:84)
at org.testng.TestNG.runSuitesSequentially(TestNG.java:1208)
at org.testng.TestNG.runSuitesLocally(TestNG.java:1137)
at org.testng.TestNG.runSuites(TestNG.java:1049)
at org.testng.TestNG.run(TestNG.java:1017)
at org.apache.maven.surefire.testng.TestNGExecutor.run(TestNGExecutor.java:115)
at org.apache.maven.surefire.testng.TestNGDirectoryTestSuite.executeMulti(TestNGDirectoryTestSuite.java:204)
at org.apache.maven.surefire.testng.TestNGDirectoryTestSuite.execute(TestNGDirectoryTestSuite.java:107)
at org.apache.maven.surefire.testng.TestNGProvider.invoke(TestNGProvider.java:112)
at org.apache.maven.surefire.booter.ForkedBooter.invokeProviderInSameClassLoader(ForkedBooter.java:200)
at org.apache.maven.surefire.booter.ForkedBooter.runSuitesInProcess(ForkedBooter.java:153)
at org.apache.maven.surefire.booter.ForkedBooter.main(ForkedBooter.java:103)
Caused by: java.net.SocketTimeoutException: Read timed out
at java.net.SocketInputStream.socketRead0(Native Method)
at java.net.SocketInputStream.socketRead(SocketInputStream.java:116)
at java.net.SocketInputStream.read(SocketInputStream.java:171)
at java.net.SocketInputStream.read(SocketInputStream.java:141)
at org.apache.http.impl.io.SessionInputBufferImpl.streamRead(SessionInputBufferImpl.java:137)
at org.apache.http.impl.io.SessionInputBufferImpl.fillBuffer(SessionInputBufferImpl.java:153)
at org.apache.http.impl.io.SessionInputBufferImpl.readLine(SessionInputBufferImpl.java:282)
at org.apache.http.impl.conn.DefaultHttpResponseParser.parseHead(DefaultHttpResponseParser.java:138)
at org.apache.http.impl.conn.DefaultHttpResponseParser.parseHead(DefaultHttpResponseParser.java:56)
at org.apache.http.impl.io.AbstractMessageParser.parse(AbstractMessageParser.java:259)
at org.apache.http.impl.DefaultBHttpClientConnection.receiveResponseHeader(DefaultBHttpClientConnection.java:163)
at org.apache.http.impl.conn.CPoolProxy.receiveResponseHeader(CPoolProxy.java:165)
at org.apache.http.protocol.HttpRequestExecutor.doReceiveResponse(HttpRequestExecutor.java:273)
at org.apache.http.protocol.HttpRequestExecutor.execute(HttpRequestExecutor.java:125)
at org.apache.http.impl.execchain.MainClientExec.execute(MainClientExec.java:272)
at org.apache.http.impl.execchain.ProtocolExec.execute(ProtocolExec.java:185)
at org.apache.http.impl.execchain.RetryExec.execute(RetryExec.java:89)
at org.apache.http.impl.execchain.RedirectExec.execute(RedirectExec.java:110)
at org.apache.http.impl.client.InternalHttpClient.doExecute(InternalHttpClient.java:185)
at org.apache.http.impl.client.CloseableHttpClient.execute(CloseableHttpClient.java:83)
at org.apache.http.impl.client.CloseableHttpClient.execute(CloseableHttpClient.java:108)
at io.github.bonigarcia.wdm.HttpClient.execute(HttpClient.java:159)
at io.github.bonigarcia.wdm.WebDriverManager.getDriversFromMirror(WebDriverManager.java:993)
at io.github.bonigarcia.wdm.WebDriverManager.getDriversFromMirror(WebDriverManager.java:1003)
at io.github.bonigarcia.wdm.ChromeDriverManager.getDrivers(ChromeDriverManager.java:83)
at io.github.bonigarcia.wdm.WebDriverManager.filterCandidateUrls(WebDriverManager.java:741)
at io.github.bonigarcia.wdm.WebDriverManager.manage(WebDriverManager.java:534)
... 32 more
]]>
            </full-stacktrace>
          </exception> <!-- io.github.bonigarcia.wdm.WebDriverManagerException -->
          <reporter-output>
          </reporter-output>
        </test-method> <!-- setup -->
        <test-method status="SKIP" signature="setup()[pri:0, instance:am.instigatembile.com.TestSignUpPage@2133c8f8]" name="setup" is-config="true" duration-ms="0" started-at="2019-08-06T14:26:36Z" finished-at="2019-08-06T14:26:36Z">
          <reporter-output>
          </reporter-output>
        </test-method> <!-- setup -->
        <test-method status="SKIP" signature="test_Home_Page_Appear_Correct()[pri:0, instance:am.instigatembile.com.TestSignInPage@43a25848]" name="test_Home_Page_Appear_Correct" duration-ms="0" started-at="2019-08-06T14:26:36Z" finished-at="2019-08-06T14:26:36Z">
          <exception class="io.github.bonigarcia.wdm.WebDriverManagerException">
            <message>
              <![CDATA[java.net.SocketTimeoutException: Read timed out]]>
            </message>
            <full-stacktrace>
              <![CDATA[io.github.bonigarcia.wdm.WebDriverManagerException: java.net.SocketTimeoutException: Read timed out
at io.github.bonigarcia.wdm.WebDriverManager.handleException(WebDriverManager.java:725)
at io.github.bonigarcia.wdm.WebDriverManager.manage(WebDriverManager.java:548)
at io.github.bonigarcia.wdm.WebDriverManager.handleException(WebDriverManager.java:722)
at io.github.bonigarcia.wdm.WebDriverManager.manage(WebDriverManager.java:548)
at io.github.bonigarcia.wdm.WebDriverManager.setup(WebDriverManager.java:260)
at am.instigatembile.com.TestSignInPage.setup(TestSignInPage.java:39)
at sun.reflect.NativeMethodAccessorImpl.invoke0(Native Method)
at sun.reflect.NativeMethodAccessorImpl.invoke(NativeMethodAccessorImpl.java:62)
at sun.reflect.DelegatingMethodAccessorImpl.invoke(DelegatingMethodAccessorImpl.java:43)
at java.lang.reflect.Method.invoke(Method.java:498)
at org.testng.internal.MethodInvocationHelper.invokeMethod(MethodInvocationHelper.java:124)
at org.testng.internal.MethodInvocationHelper.invokeMethodConsideringTimeout(MethodInvocationHelper.java:59)
at org.testng.internal.Invoker.invokeConfigurationMethod(Invoker.java:458)
at org.testng.internal.Invoker.invokeConfigurations(Invoker.java:222)
at org.testng.internal.Invoker.invokeConfigurations(Invoker.java:142)
at org.testng.TestRunner.beforeRun(TestRunner.java:529)
at org.testng.TestRunner.run(TestRunner.java:497)
at org.testng.SuiteRunner.runTest(SuiteRunner.java:455)
at org.testng.SuiteRunner.runSequentially(SuiteRunner.java:450)
at org.testng.SuiteRunner.privateRun(SuiteRunner.java:415)
at org.testng.SuiteRunner.run(SuiteRunner.java:364)
at org.testng.SuiteRunnerWorker.runSuite(SuiteRunnerWorker.java:52)
at org.testng.SuiteRunnerWorker.run(SuiteRunnerWorker.java:84)
at org.testng.TestNG.runSuitesSequentially(TestNG.java:1208)
at org.testng.TestNG.runSuitesLocally(TestNG.java:1137)
at org.testng.TestNG.runSuites(TestNG.java:1049)
at org.testng.TestNG.run(TestNG.java:1017)
at org.apache.maven.surefire.testng.TestNGExecutor.run(TestNGExecutor.java:115)
at org.apache.maven.surefire.testng.TestNGDirectoryTestSuite.executeMulti(TestNGDirectoryTestSuite.java:204)
at org.apache.maven.surefire.testng.TestNGDirectoryTestSuite.execute(TestNGDirectoryTestSuite.java:107)
at org.apache.maven.surefire.testng.TestNGProvider.invoke(TestNGProvider.java:112)
at org.apache.maven.surefire.booter.ForkedBooter.invokeProviderInSameClassLoader(ForkedBooter.java:200)
at org.apache.maven.surefire.booter.ForkedBooter.runSuitesInProcess(ForkedBooter.java:153)
at org.apache.maven.surefire.booter.ForkedBooter.main(ForkedBooter.java:103)
Caused by: java.net.SocketTimeoutException: Read timed out
at java.net.SocketInputStream.socketRead0(Native Method)
at java.net.SocketInputStream.socketRead(SocketInputStream.java:116)
at java.net.SocketInputStream.read(SocketInputStream.java:171)
at java.net.SocketInputStream.read(SocketInputStream.java:141)
at org.apache.http.impl.io.SessionInputBufferImpl.streamRead(SessionInputBufferImpl.java:137)
at org.apache.http.impl.io.SessionInputBufferImpl.fillBuffer(SessionInputBufferImpl.java:153)
at org.apache.http.impl.io.SessionInputBufferImpl.readLine(SessionInputBufferImpl.java:282)
at org.apache.http.impl.conn.DefaultHttpResponseParser.parseHead(DefaultHttpResponseParser.java:138)
at org.apache.http.impl.conn.DefaultHttpResponseParser.parseHead(DefaultHttpResponseParser.java:56)
at org.apache.http.impl.io.AbstractMessageParser.parse(AbstractMessageParser.java:259)
at org.apache.http.impl.DefaultBHttpClientConnection.receiveResponseHeader(DefaultBHttpClientConnection.java:163)
at org.apache.http.impl.conn.CPoolProxy.receiveResponseHeader(CPoolProxy.java:165)
at org.apache.http.protocol.HttpRequestExecutor.doReceiveResponse(HttpRequestExecutor.java:273)
at org.apache.http.protocol.HttpRequestExecutor.execute(HttpRequestExecutor.java:125)
at org.apache.http.impl.execchain.MainClientExec.execute(MainClientExec.java:272)
at org.apache.http.impl.execchain.ProtocolExec.execute(ProtocolExec.java:185)
at org.apache.http.impl.execchain.RetryExec.execute(RetryExec.java:89)
at org.apache.http.impl.execchain.RedirectExec.execute(RedirectExec.java:110)
at org.apache.http.impl.client.InternalHttpClient.doExecute(InternalHttpClient.java:185)
at org.apache.http.impl.client.CloseableHttpClient.execute(CloseableHttpClient.java:83)
at org.apache.http.impl.client.CloseableHttpClient.execute(CloseableHttpClient.java:108)
at io.github.bonigarcia.wdm.HttpClient.execute(HttpClient.java:159)
at io.github.bonigarcia.wdm.WebDriverManager.getDriversFromMirror(WebDriverManager.java:993)
at io.github.bonigarcia.wdm.WebDriverManager.getDriversFromMirror(WebDriverManager.java:1003)
at io.github.bonigarcia.wdm.ChromeDriverManager.getDrivers(ChromeDriverManager.java:83)
at io.github.bonigarcia.wdm.WebDriverManager.filterCandidateUrls(WebDriverManager.java:741)
at io.github.bonigarcia.wdm.WebDriverManager.manage(WebDriverManager.java:534)
... 32 more
]]>
            </full-stacktrace>
          </exception> <!-- io.github.bonigarcia.wdm.WebDriverManagerException -->
          <reporter-output>
          </reporter-output>
        </test-method> <!-- test_Home_Page_Appear_Correct -->
        <test-method status="SKIP" signature="closeDriver()[pri:0, instance:am.instigatembile.com.TestSignInPage@43a25848]" name="closeDriver" is-config="true" duration-ms="0" started-at="2019-08-06T14:26:36Z" finished-at="2019-08-06T14:26:36Z">
          <reporter-output>
          </reporter-output>
        </test-method> <!-- closeDriver -->
        <test-method status="SKIP" signature="closeDriver()[pri:0, instance:am.instigatembile.com.TestSignUpPage@2133c8f8]" name="closeDriver" is-config="true" duration-ms="0" started-at="2019-08-06T14:26:36Z" finished-at="2019-08-06T14:26:36Z">
          <reporter-output>
          </reporter-output>
        </test-method> <!-- closeDriver -->
      </class> <!-- am.instigatembile.com.TestSignInPage -->
      <class name="am.instigatembile.com.TestSignUpPage">
        <test-method status="SKIP" signature="test_Login_Page_Appear_Correct()[pri:0, instance:am.instigatembile.com.TestSignUpPage@2133c8f8]" name="test_Login_Page_Appear_Correct" duration-ms="0" started-at="2019-08-06T14:26:36Z" finished-at="2019-08-06T14:26:36Z">
          <exception class="io.github.bonigarcia.wdm.WebDriverManagerException">
            <message>
              <![CDATA[java.net.SocketTimeoutException: Read timed out]]>
            </message>
            <full-stacktrace>
              <![CDATA[io.github.bonigarcia.wdm.WebDriverManagerException: java.net.SocketTimeoutException: Read timed out
at io.github.bonigarcia.wdm.WebDriverManager.handleException(WebDriverManager.java:725)
at io.github.bonigarcia.wdm.WebDriverManager.manage(WebDriverManager.java:548)
at io.github.bonigarcia.wdm.WebDriverManager.handleException(WebDriverManager.java:722)
at io.github.bonigarcia.wdm.WebDriverManager.manage(WebDriverManager.java:548)
at io.github.bonigarcia.wdm.WebDriverManager.setup(WebDriverManager.java:260)
at am.instigatembile.com.TestSignInPage.setup(TestSignInPage.java:39)
at sun.reflect.NativeMethodAccessorImpl.invoke0(Native Method)
at sun.reflect.NativeMethodAccessorImpl.invoke(NativeMethodAccessorImpl.java:62)
at sun.reflect.DelegatingMethodAccessorImpl.invoke(DelegatingMethodAccessorImpl.java:43)
at java.lang.reflect.Method.invoke(Method.java:498)
at org.testng.internal.MethodInvocationHelper.invokeMethod(MethodInvocationHelper.java:124)
at org.testng.internal.MethodInvocationHelper.invokeMethodConsideringTimeout(MethodInvocationHelper.java:59)
at org.testng.internal.Invoker.invokeConfigurationMethod(Invoker.java:458)
at org.testng.internal.Invoker.invokeConfigurations(Invoker.java:222)
at org.testng.internal.Invoker.invokeConfigurations(Invoker.java:142)
at org.testng.TestRunner.beforeRun(TestRunner.java:529)
at org.testng.TestRunner.run(TestRunner.java:497)
at org.testng.SuiteRunner.runTest(SuiteRunner.java:455)
at org.testng.SuiteRunner.runSequentially(SuiteRunner.java:450)
at org.testng.SuiteRunner.privateRun(SuiteRunner.java:415)
at org.testng.SuiteRunner.run(SuiteRunner.java:364)
at org.testng.SuiteRunnerWorker.runSuite(SuiteRunnerWorker.java:52)
at org.testng.SuiteRunnerWorker.run(SuiteRunnerWorker.java:84)
at org.testng.TestNG.runSuitesSequentially(TestNG.java:1208)
at org.testng.TestNG.runSuitesLocally(TestNG.java:1137)
at org.testng.TestNG.runSuites(TestNG.java:1049)
at org.testng.TestNG.run(TestNG.java:1017)
at org.apache.maven.surefire.testng.TestNGExecutor.run(TestNGExecutor.java:115)
at org.apache.maven.surefire.testng.TestNGDirectoryTestSuite.executeMulti(TestNGDirectoryTestSuite.java:204)
at org.apache.maven.surefire.testng.TestNGDirectoryTestSuite.execute(TestNGDirectoryTestSuite.java:107)
at org.apache.maven.surefire.testng.TestNGProvider.invoke(TestNGProvider.java:112)
at org.apache.maven.surefire.booter.ForkedBooter.invokeProviderInSameClassLoader(ForkedBooter.java:200)
at org.apache.maven.surefire.booter.ForkedBooter.runSuitesInProcess(ForkedBooter.java:153)
at org.apache.maven.surefire.booter.ForkedBooter.main(ForkedBooter.java:103)
Caused by: java.net.SocketTimeoutException: Read timed out
at java.net.SocketInputStream.socketRead0(Native Method)
at java.net.SocketInputStream.socketRead(SocketInputStream.java:116)
at java.net.SocketInputStream.read(SocketInputStream.java:171)
at java.net.SocketInputStream.read(SocketInputStream.java:141)
at org.apache.http.impl.io.SessionInputBufferImpl.streamRead(SessionInputBufferImpl.java:137)
at org.apache.http.impl.io.SessionInputBufferImpl.fillBuffer(SessionInputBufferImpl.java:153)
at org.apache.http.impl.io.SessionInputBufferImpl.readLine(SessionInputBufferImpl.java:282)
at org.apache.http.impl.conn.DefaultHttpResponseParser.parseHead(DefaultHttpResponseParser.java:138)
at org.apache.http.impl.conn.DefaultHttpResponseParser.parseHead(DefaultHttpResponseParser.java:56)
at org.apache.http.impl.io.AbstractMessageParser.parse(AbstractMessageParser.java:259)
at org.apache.http.impl.DefaultBHttpClientConnection.receiveResponseHeader(DefaultBHttpClientConnection.java:163)
at org.apache.http.impl.conn.CPoolProxy.receiveResponseHeader(CPoolProxy.java:165)
at org.apache.http.protocol.HttpRequestExecutor.doReceiveResponse(HttpRequestExecutor.java:273)
at org.apache.http.protocol.HttpRequestExecutor.execute(HttpRequestExecutor.java:125)
at org.apache.http.impl.execchain.MainClientExec.execute(MainClientExec.java:272)
at org.apache.http.impl.execchain.ProtocolExec.execute(ProtocolExec.java:185)
at org.apache.http.impl.execchain.RetryExec.execute(RetryExec.java:89)
at org.apache.http.impl.execchain.RedirectExec.execute(RedirectExec.java:110)
at org.apache.http.impl.client.InternalHttpClient.doExecute(InternalHttpClient.java:185)
at org.apache.http.impl.client.CloseableHttpClient.execute(CloseableHttpClient.java:83)
at org.apache.http.impl.client.CloseableHttpClient.execute(CloseableHttpClient.java:108)
at io.github.bonigarcia.wdm.HttpClient.execute(HttpClient.java:159)
at io.github.bonigarcia.wdm.WebDriverManager.getDriversFromMirror(WebDriverManager.java:993)
at io.github.bonigarcia.wdm.WebDriverManager.getDriversFromMirror(WebDriverManager.java:1003)
at io.github.bonigarcia.wdm.ChromeDriverManager.getDrivers(ChromeDriverManager.java:83)
at io.github.bonigarcia.wdm.WebDriverManager.filterCandidateUrls(WebDriverManager.java:741)
at io.github.bonigarcia.wdm.WebDriverManager.manage(WebDriverManager.java:534)
... 32 more
]]>
            </full-stacktrace>
          </exception> <!-- io.github.bonigarcia.wdm.WebDriverManagerException -->
          <reporter-output>
          </reporter-output>
        </test-method> <!-- test_Login_Page_Appear_Correct -->
      </class> <!-- am.instigatembile.com.TestSignUpPage -->
    </test> <!-- Surefire test -->
  </suite> <!-- Surefire suite -->
</testng-results>
