<?xml version="1.0" encoding="UTF-8"?>
<!-- Generated by org.testng.reporters.JUnitXMLReporter -->
<testsuite ignored="0" hostname="hunan-pc" failures="3" tests="9" name="Command line test" time="16.604" errors="0" timestamp="06 Aug 2019 14:09:22 GMT">
  <testcase classname="com.instigate.app.ChatTest" name="addEmptyPost" time="0.967">
    <failure type="java.lang.AssertionError" message="expected [false] but found [true]">
      <![CDATA[java.lang.AssertionError: expected [false] but found [true]
at com.instigate.app.ChatTest.addEmptyPost(ChatTest.java:121)
... Removed 38 stack frames]]>
    </failure>
  </testcase> <!-- addEmptyPost -->
  <testcase classname="com.instigate.app.ChatTest" name="addPost" time="1.062"/>
  <testcase classname="com.instigate.app.ChatTest" name="checkTitle" time="0.291"/>
  <testcase classname="com.instigate.app.ChatTest" name="findFriend" time="0.438"/>
  <testcase classname="com.instigate.app.ChatTest" name="sendEmptyMessageAndCheck" time="1.575">
    <failure type="java.lang.AssertionError" message="expected [false] but found [true]">
      <![CDATA[java.lang.AssertionError: expected [false] but found [true]
at com.instigate.app.ChatTest.sendEmptyMessageAndCheck(ChatTest.java:98)
... Removed 38 stack frames]]>
    </failure>
  </testcase> <!-- sendEmptyMessageAndCheck -->
  <testcase classname="com.instigate.app.ChatTest" name="sendMessage" time="1.029"/>
  <testcase classname="com.instigate.app.ChatTest" name="sendMessageAndCheck" time="1.801"/>
  <testcase classname="com.instigate.app.ChatTest" name="signIn" time="0.453"/>
  <testcase classname="com.instigate.app.ChatTest" name="signInEmptyName" time="0.417">
    <failure type="java.lang.AssertionError" message="expected [false] but found [true]">
      <![CDATA[java.lang.AssertionError: expected [false] but found [true]
at com.instigate.app.ChatTest.signInEmptyName(ChatTest.java:61)
... Removed 38 stack frames]]>
    </failure>
  </testcase> <!-- signInEmptyName -->
</testsuite> <!-- Command line test -->
