<?xml version="1.0" encoding="UTF-8"?>
<testsuite xmlns:xsi="http://www.w3.org/2001/XMLSchema-instance" xsi:noNamespaceSchemaLocation="https://maven.apache.org/surefire/maven-surefire-plugin/xsd/surefire-test-report.xsd" name="TestSuite" time="21.102" tests="16" errors="0" skipped="0" failures="1">
  <properties>
[...]
</properties>
  <testcase name="checkTitle" classname="ChromeSeleniumTest" time="0.535"/>
  <testcase name="goToChatAndAddPost" classname="ChromeSeleniumTest" time="0.532"/>
  <testcase name="goToChatAngSendMessage" classname="ChromeSeleniumTest" time="0.453"/>
  <testcase name="goToChatWithName" classname="ChromeSeleniumTest" time="0.203"/>
  <testcase name="goToHomePageWithoutName" classname="ChromeSeleniumTest" time="0.178"/>
  <testcase name="gotoChatAndCheckFriends" classname="ChromeSeleniumTest" time="0.233"/>
  <testcase name="gotoChatAndCheckName" classname="ChromeSeleniumTest" time="0.226"/>
  <testcase name="gotoChatAndCheckPotss" classname="ChromeSeleniumTest" time="0.149"/>
  <testcase name="checkTitle" classname="FirefoxSeleniumTest" time="0.901"/>
  <testcase name="goToChatAndAddPost" classname="FirefoxSeleniumTest" time="0.705"/>
  <testcase name="goToChatAngSendMessage" classname="FirefoxSeleniumTest" time="10.411">
    <failure message="Unable to locate element: #textarea&#10;For documentation on this error, please visit: https://www.seleniumhq.org/exceptions/no_such_element.html&#10;Build info: version: &apos;3.141.59&apos;, revision: &apos;e82be7d358&apos;, time: &apos;2018-11-14T08:17:03&apos;&#10;System info: host: &apos;hunan-pc&apos;, ip: &apos;127.0.1.1&apos;, os.name: &apos;Linux&apos;, os.arch: &apos;amd64&apos;, os.version: &apos;4.18.0-25-generic&apos;, java.version: &apos;11.0.3&apos;&#10;Driver info: org.openqa.selenium.firefox.FirefoxDriver&#10;Capabilities {acceptInsecureCerts: true, browserName: firefox, browserVersion: 68.0, javascriptEnabled: true, moz:accessibilityChecks: false, moz:buildID: 20190706110151, moz:geckodriverVersion: 0.24.0, moz:headless: false, moz:processID: 9206, moz:profile: /tmp/rust_mozprofile.EzbZej..., moz:shutdownTimeout: 60000, moz:useNonSpecCompliantPointerOrigin: false, moz:webdriverClick: true, pageLoadStrategy: normal, platform: LINUX, platformName: LINUX, platformVersion: 4.18.0-25-generic, rotatable: false, setWindowRect: true, strictFileInteractability: false, timeouts: {implicit: 0, pageLoad: 300000, script: 30000}, unhandledPromptBehavior: dismiss and notify}&#10;Session ID: 1d0b1bfe-908a-4dc9-88de-ab0f1f9fe220&#10;*** Element info: {Using=id, value=textarea}" type="org.openqa.selenium.NoSuchElementException">org.openqa.selenium.NoSuchElementException: 
Unable to locate element: #textarea
For documentation on this error, please visit: https://www.seleniumhq.org/exceptions/no_such_element.html
Build info: version: '3.141.59', revision: 'e82be7d358', time: '2018-11-14T08:17:03'
System info: host: 'hunan-pc', ip: '127.0.1.1', os.name: 'Linux', os.arch: 'amd64', os.version: '4.18.0-25-generic', java.version: '11.0.3'
Driver info: org.openqa.selenium.firefox.FirefoxDriver
Capabilities {acceptInsecureCerts: true, browserName: firefox, browserVersion: 68.0, javascriptEnabled: true, moz:accessibilityChecks: false, moz:buildID: 20190706110151, moz:geckodriverVersion: 0.24.0, moz:headless: false, moz:processID: 9206, moz:profile: /tmp/rust_mozprofile.EzbZej..., moz:shutdownTimeout: 60000, moz:useNonSpecCompliantPointerOrigin: false, moz:webdriverClick: true, pageLoadStrategy: normal, platform: LINUX, platformName: LINUX, platformVersion: 4.18.0-25-generic, rotatable: false, setWindowRect: true, strictFileInteractability: false, timeouts: {implicit: 0, pageLoad: 300000, script: 30000}, unhandledPromptBehavior: dismiss and notify}
Session ID: 1d0b1bfe-908a-4dc9-88de-ab0f1f9fe220
*** Element info: {Using=id, value=textarea}
	at FirefoxSeleniumTest.goToChatAngSendMessage(FirefoxSeleniumTest.java:65)
</failure>
    <system-err><![CDATA[JavaScript error: https://maxcdn.bootstrapcdn.com/bootstrap/4.3.1/js/bootstrap.min.js, line 6: TypeError: g is undefined
JavaScript warning: http://code.jquery.com/jquery-1.9.1.min.js, line 2: Using //@ to indicate sourceMappingURL pragmas is deprecated. Use //# instead
]]></system-err>
  </testcase>
  <testcase name="goToChatWithName" classname="FirefoxSeleniumTest" time="0.368"/>
  <testcase name="goToHomePageWithoutName" classname="FirefoxSeleniumTest" time="0.386"/>
  <testcase name="gotoChatAndCheckFriends" classname="FirefoxSeleniumTest" time="0.361"/>
  <testcase name="gotoChatAndCheckName" classname="FirefoxSeleniumTest" time="0.36"/>
  <testcase name="gotoChatAndCheckPotss" classname="FirefoxSeleniumTest" time="0.373"/>
</testsuite>