<?xml version="1.0" encoding="UTF-8"?>
<testng-results ignored="0" total="16" passed="15" failed="1" skipped="0">
  <reporter-output>
  </reporter-output>
  <suite started-at="2019-08-05T08:44:19Z" name="TestAll" finished-at="2019-08-05T08:44:39Z" duration-ms="20856">
    <groups>
    </groups>
    <test started-at="2019-08-05T08:44:19Z" name="TestChrome" finished-at="2019-08-05T08:44:22Z" duration-ms="3462">
      <class name="ChromeSeleniumTest">
        <test-method is-config="true" signature="createDriver(java.lang.String)[pri:0, instance:ChromeSeleniumTest@f4168b8]" started-at="2019-08-05T08:44:19Z" name="createDriver" finished-at="2019-08-05T08:44:19Z" duration-ms="859" status="PASS">
          <params>
            <param index="0">
              <value>
                <![CDATA[chrome]]>
              </value>
            </param>
          </params>
          <reporter-output>
          </reporter-output>
        </test-method> <!-- createDriver -->
        <test-method signature="checkTitle()[pri:0, instance:ChromeSeleniumTest@f4168b8]" started-at="2019-08-05T08:44:19Z" name="checkTitle" finished-at="2019-08-05T08:44:20Z" duration-ms="534" status="PASS">
          <reporter-output>
          </reporter-output>
        </test-method> <!-- checkTitle -->
        <test-method signature="goToChatAndAddPost()[pri:0, instance:ChromeSeleniumTest@f4168b8]" started-at="2019-08-05T08:44:20Z" name="goToChatAndAddPost" finished-at="2019-08-05T08:44:20Z" duration-ms="533" status="PASS">
          <reporter-output>
          </reporter-output>
        </test-method> <!-- goToChatAndAddPost -->
        <test-method signature="goToChatAngSendMessage()[pri:0, instance:ChromeSeleniumTest@f4168b8]" started-at="2019-08-05T08:44:20Z" name="goToChatAngSendMessage" finished-at="2019-08-05T08:44:21Z" duration-ms="453" status="PASS">
          <reporter-output>
          </reporter-output>
        </test-method> <!-- goToChatAngSendMessage -->
        <test-method signature="goToChatWithName()[pri:0, instance:ChromeSeleniumTest@f4168b8]" started-at="2019-08-05T08:44:21Z" name="goToChatWithName" finished-at="2019-08-05T08:44:21Z" duration-ms="202" status="PASS">
          <reporter-output>
          </reporter-output>
        </test-method> <!-- goToChatWithName -->
        <test-method signature="goToHomePageWithoutName()[pri:0, instance:ChromeSeleniumTest@f4168b8]" started-at="2019-08-05T08:44:21Z" name="goToHomePageWithoutName" finished-at="2019-08-05T08:44:21Z" duration-ms="179" status="PASS">
          <reporter-output>
          </reporter-output>
        </test-method> <!-- goToHomePageWithoutName -->
        <test-method signature="gotoChatAndCheckFriends()[pri:0, instance:ChromeSeleniumTest@f4168b8]" started-at="2019-08-05T08:44:21Z" name="gotoChatAndCheckFriends" finished-at="2019-08-05T08:44:22Z" duration-ms="234" status="PASS">
          <reporter-output>
          </reporter-output>
        </test-method> <!-- gotoChatAndCheckFriends -->
        <test-method signature="gotoChatAndCheckName()[pri:0, instance:ChromeSeleniumTest@f4168b8]" started-at="2019-08-05T08:44:22Z" name="gotoChatAndCheckName" finished-at="2019-08-05T08:44:22Z" duration-ms="227" status="PASS">
          <reporter-output>
          </reporter-output>
        </test-method> <!-- gotoChatAndCheckName -->
        <test-method signature="gotoChatAndCheckPotss()[pri:0, instance:ChromeSeleniumTest@f4168b8]" started-at="2019-08-05T08:44:22Z" name="gotoChatAndCheckPotss" finished-at="2019-08-05T08:44:22Z" duration-ms="148" status="PASS">
          <reporter-output>
          </reporter-output>
        </test-method> <!-- gotoChatAndCheckPotss -->
        <test-method is-config="true" signature="closeBrowser()[pri:0, instance:ChromeSeleniumTest@f4168b8]" started-at="2019-08-05T08:44:22Z" name="closeBrowser" finished-at="2019-08-05T08:44:22Z" duration-ms="68" status="PASS">
          <reporter-output>
          </reporter-output>
        </test-method> <!-- closeBrowser -->
      </class> <!-- ChromeSeleniumTest -->
    </test> <!-- TestChrome -->
    <test started-at="2019-08-05T08:44:19Z" name="TestFirefox" finished-at="2019-08-05T08:44:39Z" duration-ms="20856">
      <class name="FirefoxSeleniumTest">
        <test-method is-config="true" signature="createDriver(java.lang.String)[pri:0, instance:FirefoxSeleniumTest@365c30cc]" started-at="2019-08-05T08:44:19Z" name="createDriver" finished-at="2019-08-05T08:44:23Z" duration-ms="4022" status="PASS">
          <params>
            <param index="0">
              <value>
                <![CDATA[firefox]]>
              </value>
            </param>
          </params>
          <reporter-output>
          </reporter-output>
        </test-method> <!-- createDriver -->
        <test-method signature="checkTitle()[pri:0, instance:FirefoxSeleniumTest@365c30cc]" started-at="2019-08-05T08:44:23Z" name="checkTitle" finished-at="2019-08-05T08:44:23Z" duration-ms="900" status="PASS">
          <reporter-output>
          </reporter-output>
        </test-method> <!-- checkTitle -->
        <test-method signature="goToChatAndAddPost()[pri:0, instance:FirefoxSeleniumTest@365c30cc]" started-at="2019-08-05T08:44:23Z" name="goToChatAndAddPost" finished-at="2019-08-05T08:44:24Z" duration-ms="705" status="PASS">
          <reporter-output>
          </reporter-output>
        </test-method> <!-- goToChatAndAddPost -->
        <test-method signature="goToChatAngSendMessage()[pri:0, instance:FirefoxSeleniumTest@365c30cc]" started-at="2019-08-05T08:44:24Z" name="goToChatAngSendMessage" finished-at="2019-08-05T08:44:35Z" duration-ms="10403" status="FAIL">
          <exception class="org.openqa.selenium.NoSuchElementException">
            <message>
              <![CDATA[Unable to locate element: #textarea
For documentation on this error, please visit: https://www.seleniumhq.org/exceptions/no_such_element.html
Build info: version: '3.141.59', revision: 'e82be7d358', time: '2018-11-14T08:17:03'
System info: host: 'hunan-pc', ip: '127.0.1.1', os.name: 'Linux', os.arch: 'amd64', os.version: '4.18.0-25-generic', java.version: '11.0.3'
Driver info: org.openqa.selenium.firefox.FirefoxDriver
Capabilities {acceptInsecureCerts: true, browserName: firefox, browserVersion: 68.0, javascriptEnabled: true, moz:accessibilityChecks: false, moz:buildID: 20190706110151, moz:geckodriverVersion: 0.24.0, moz:headless: false, moz:processID: 9206, moz:profile: /tmp/rust_mozprofile.EzbZej..., moz:shutdownTimeout: 60000, moz:useNonSpecCompliantPointerOrigin: false, moz:webdriverClick: true, pageLoadStrategy: normal, platform: LINUX, platformName: LINUX, platformVersion: 4.18.0-25-generic, rotatable: false, setWindowRect: true, strictFileInteractability: false, timeouts: {implicit: 0, pageLoad: 300000, script: 30000}, unhandledPromptBehavior: dismiss and notify}
Session ID: 1d0b1bfe-908a-4dc9-88de-ab0f1f9fe220
*** Element info: {Using=id, value=textarea}]]>
            </message>
            <full-stacktrace>
              <![CDATA[org.openqa.selenium.NoSuchElementException: Unable to locate element: #textarea
For documentation on this error, please visit: https://www.seleniumhq.org/exceptions/no_such_element.html
Build info: version: '3.141.59', revision: 'e82be7d358', time: '2018-11-14T08:17:03'
System info: host: 'hunan-pc', ip: '127.0.1.1', os.name: 'Linux', os.arch: 'amd64', os.version: '4.18.0-25-generic', java.version: '11.0.3'
Driver info: org.openqa.selenium.firefox.FirefoxDriver
Capabilities {acceptInsecureCerts: true, browserName: firefox, browserVersion: 68.0, javascriptEnabled: true, moz:accessibilityChecks: false, moz:buildID: 20190706110151, moz:geckodriverVersion: 0.24.0, moz:headless: false, moz:processID: 9206, moz:profile: /tmp/rust_mozprofile.EzbZej..., moz:shutdownTimeout: 60000, moz:useNonSpecCompliantPointerOrigin: false, moz:webdriverClick: true, pageLoadStrategy: normal, platform: LINUX, platformName: LINUX, platformVersion: 4.18.0-25-generic, rotatable: false, setWindowRect: true, strictFileInteractability: false, timeouts: {implicit: 0, pageLoad: 300000, script: 30000}, unhandledPromptBehavior: dismiss and notify}
Session ID: 1d0b1bfe-908a-4dc9-88de-ab0f1f9fe220
*** Element info: {Using=id, value=textarea}
at java.base/jdk.internal.reflect.NativeConstructorAccessorImpl.newInstance0(Native Method)
at java.base/jdk.internal.reflect.NativeConstructorAccessorImpl.newInstance(NativeConstructorAccessorImpl.java:62)
at java.base/jdk.internal.reflect.DelegatingConstructorAccessorImpl.newInstance(DelegatingConstructorAccessorImpl.java:45)
at java.base/java.lang.reflect.Constructor.newInstance(Constructor.java:490)
at org.openqa.selenium.remote.http.W3CHttpResponseCodec.createException(W3CHttpResponseCodec.java:187)
at org.openqa.selenium.remote.http.W3CHttpResponseCodec.decode(W3CHttpResponseCodec.java:122)
at org.openqa.selenium.remote.http.W3CHttpResponseCodec.decode(W3CHttpResponseCodec.java:49)
at org.openqa.selenium.remote.HttpCommandExecutor.execute(HttpCommandExecutor.java:158)
at org.openqa.selenium.remote.service.DriverCommandExecutor.execute(DriverCommandExecutor.java:83)
at org.openqa.selenium.remote.RemoteWebDriver.execute(RemoteWebDriver.java:552)
at org.openqa.selenium.remote.RemoteWebDriver.findElement(RemoteWebDriver.java:323)
at org.openqa.selenium.remote.RemoteWebDriver.findElementById(RemoteWebDriver.java:372)
at org.openqa.selenium.By$ById.findElement(By.java:188)
at org.openqa.selenium.remote.RemoteWebDriver.findElement(RemoteWebDriver.java:315)
at FirefoxSeleniumTest.goToChatAngSendMessage(FirefoxSeleniumTest.java:65)
at java.base/jdk.internal.reflect.NativeMethodAccessorImpl.invoke0(Native Method)
at java.base/jdk.internal.reflect.NativeMethodAccessorImpl.invoke(NativeMethodAccessorImpl.java:62)
at java.base/jdk.internal.reflect.DelegatingMethodAccessorImpl.invoke(DelegatingMethodAccessorImpl.java:43)
at java.base/java.lang.reflect.Method.invoke(Method.java:566)
at org.testng.internal.MethodInvocationHelper.invokeMethod(MethodInvocationHelper.java:124)
at org.testng.internal.Invoker.invokeMethod(Invoker.java:583)
at org.testng.internal.Invoker.invokeTestMethod(Invoker.java:719)
at org.testng.internal.Invoker.invokeTestMethods(Invoker.java:989)
at org.testng.internal.TestMethodWorker.invokeTestMethods(TestMethodWorker.java:125)
at org.testng.internal.TestMethodWorker.run(TestMethodWorker.java:109)
at org.testng.TestRunner.privateRun(TestRunner.java:648)
at org.testng.TestRunner.run(TestRunner.java:505)
at org.testng.SuiteRunner.runTest(SuiteRunner.java:455)
at org.testng.SuiteRunner.access$000(SuiteRunner.java:40)
at org.testng.SuiteRunner$SuiteWorker.run(SuiteRunner.java:489)
at org.testng.internal.thread.ThreadUtil$1.call(ThreadUtil.java:52)
at java.base/java.util.concurrent.FutureTask.run(FutureTask.java:264)
at java.base/java.util.concurrent.ThreadPoolExecutor.runWorker(ThreadPoolExecutor.java:1128)
at java.base/java.util.concurrent.ThreadPoolExecutor$Worker.run(ThreadPoolExecutor.java:628)
at java.base/java.lang.Thread.run(Thread.java:834)
]]>
            </full-stacktrace>
          </exception> <!-- org.openqa.selenium.NoSuchElementException -->
          <reporter-output>
          </reporter-output>
        </test-method> <!-- goToChatAngSendMessage -->
        <test-method signature="goToChatWithName()[pri:0, instance:FirefoxSeleniumTest@365c30cc]" started-at="2019-08-05T08:44:35Z" name="goToChatWithName" finished-at="2019-08-05T08:44:35Z" duration-ms="369" status="PASS">
          <reporter-output>
          </reporter-output>
        </test-method> <!-- goToChatWithName -->
        <test-method signature="goToHomePageWithoutName()[pri:0, instance:FirefoxSeleniumTest@365c30cc]" started-at="2019-08-05T08:44:35Z" name="goToHomePageWithoutName" finished-at="2019-08-05T08:44:35Z" duration-ms="386" status="PASS">
          <reporter-output>
          </reporter-output>
        </test-method> <!-- goToHomePageWithoutName -->
        <test-method signature="gotoChatAndCheckFriends()[pri:0, instance:FirefoxSeleniumTest@365c30cc]" started-at="2019-08-05T08:44:35Z" name="gotoChatAndCheckFriends" finished-at="2019-08-05T08:44:36Z" duration-ms="361" status="PASS">
          <reporter-output>
          </reporter-output>
        </test-method> <!-- gotoChatAndCheckFriends -->
        <test-method signature="gotoChatAndCheckName()[pri:0, instance:FirefoxSeleniumTest@365c30cc]" started-at="2019-08-05T08:44:36Z" name="gotoChatAndCheckName" finished-at="2019-08-05T08:44:36Z" duration-ms="359" status="PASS">
          <reporter-output>
          </reporter-output>
        </test-method> <!-- gotoChatAndCheckName -->
        <test-method signature="gotoChatAndCheckPotss()[pri:0, instance:FirefoxSeleniumTest@365c30cc]" started-at="2019-08-05T08:44:36Z" name="gotoChatAndCheckPotss" finished-at="2019-08-05T08:44:36Z" duration-ms="374" status="PASS">
          <reporter-output>
          </reporter-output>
        </test-method> <!-- gotoChatAndCheckPotss -->
        <test-method is-config="true" signature="closeBrowser()[pri:0, instance:FirefoxSeleniumTest@365c30cc]" started-at="2019-08-05T08:44:36Z" name="closeBrowser" finished-at="2019-08-05T08:44:39Z" duration-ms="2956" status="PASS">
          <reporter-output>
          </reporter-output>
        </test-method> <!-- closeBrowser -->
      </class> <!-- FirefoxSeleniumTest -->
    </test> <!-- TestFirefox -->
  </suite> <!-- TestAll -->
</testng-results>
