<?xml version="1.0" encoding="UTF-8" ?>
<testsuite tests="9" failures="3" name="com.instigate.app.ChatTest" time="8.041" errors="0" skipped="0">
  <properties>
[...]
</properties>
  <testcase classname="com.instigate.app.ChatTest" name="addEmptyPost" time="0.971">
    <failure message="expected [false] but found [true]" type="java.lang.AssertionError">java.lang.AssertionError: expected [false] but found [true]
	at org.testng.Assert.fail(Assert.java:96)
	at org.testng.Assert.failNotEquals(Assert.java:776)
	at org.testng.Assert.assertFalse(Assert.java:65)
	at org.testng.Assert.assertFalse(Assert.java:75)
	at com.instigate.app.ChatTest.addEmptyPost(ChatTest.java:121)
</failure>
    <system-out>Configuring TestNG with: org.apache.maven.surefire.testng.conf.TestNG652Configurator@63e31ee
</system-out>
    <system-err>SLF4J: Failed to load class &quot;org.slf4j.impl.StaticLoggerBinder&quot;.
SLF4J: Defaulting to no-operation (NOP) logger implementation
SLF4J: See http://www.slf4j.org/codes.html#StaticLoggerBinder for further details.
1565100541294	mozrunner::runner	INFO	Running command: &quot;/usr/lib/firefox/firefox&quot; &quot;-marionette&quot; &quot;-foreground&quot; &quot;-no-remote&quot; &quot;-profile&quot; &quot;/tmp/rust_mozprofile.K0GqufZPuPm9&quot;
1565100542138	addons.webextension.screenshots@mozilla.org	WARN	Loading extension &apos;screenshots@mozilla.org&apos;: Reading manifest: Invalid extension permission: mozillaAddons
1565100542138	addons.webextension.screenshots@mozilla.org	WARN	Loading extension &apos;screenshots@mozilla.org&apos;: Reading manifest: Invalid extension permission: telemetry
1565100542139	addons.webextension.screenshots@mozilla.org	WARN	Loading extension &apos;screenshots@mozilla.org&apos;: Reading manifest: Invalid extension permission: resource://pdf.js/
1565100542139	addons.webextension.screenshots@mozilla.org	WARN	Loading extension &apos;screenshots@mozilla.org&apos;: Reading manifest: Invalid extension permission: about:reader*
1565100545342	Marionette	INFO	Listening on port 33889
1565100545406	Marionette	WARN	TLS certificate errors will be ignored for this session
Aug 06, 2019 6:09:05 PM org.openqa.selenium.remote.ProtocolHandshake createSession
INFO: Detected dialect: W3C
JavaScript error: https://maxcdn.bootstrapcdn.com/bootstrap/4.3.1/js/bootstrap.min.js, line 6: TypeError: g is undefined
JavaScript warning: http://code.jquery.com/jquery-1.9.1.min.js, line 2: Using //@ to indicate sourceMappingURL pragmas is deprecated. Use //# instead
JavaScript error: https://maxcdn.bootstrapcdn.com/bootstrap/4.3.1/js/bootstrap.min.js, line 6: TypeError: g is undefined
JavaScript warning: http://code.jquery.com/jquery-1.9.1.min.js, line 2: Using //@ to indicate sourceMappingURL pragmas is deprecated. Use //# instead
</system-err>
  </testcase>
  <testcase classname="com.instigate.app.ChatTest" name="addPost" time="1.063"/>
  <testcase classname="com.instigate.app.ChatTest" name="checkTitle" time="0.292"/>
  <testcase classname="com.instigate.app.ChatTest" name="findFriend" time="0.439"/>
  <testcase classname="com.instigate.app.ChatTest" name="sendEmptyMessageAndCheck" time="1.576">
    <failure message="expected [false] but found [true]" type="java.lang.AssertionError">java.lang.AssertionError: expected [false] but found [true]
	at org.testng.Assert.fail(Assert.java:96)
	at org.testng.Assert.failNotEquals(Assert.java:776)
	at org.testng.Assert.assertFalse(Assert.java:65)
	at org.testng.Assert.assertFalse(Assert.java:75)
	at com.instigate.app.ChatTest.sendEmptyMessageAndCheck(ChatTest.java:98)
</failure>
    <system-err>JavaScript error: https://maxcdn.bootstrapcdn.com/bootstrap/4.3.1/js/bootstrap.min.js, line 6: TypeError: g is undefined
JavaScript warning: http://code.jquery.com/jquery-1.9.1.min.js, line 2: Using //@ to indicate sourceMappingURL pragmas is deprecated. Use //# instead
</system-err>
  </testcase>
  <testcase classname="com.instigate.app.ChatTest" name="sendMessage" time="1.029"/>
  <testcase classname="com.instigate.app.ChatTest" name="sendMessageAndCheck" time="1.802"/>
  <testcase classname="com.instigate.app.ChatTest" name="signIn" time="0.452"/>
  <testcase classname="com.instigate.app.ChatTest" name="signInEmptyName" time="0.417">
    <failure message="expected [false] but found [true]" type="java.lang.AssertionError">java.lang.AssertionError: expected [false] but found [true]
	at org.testng.Assert.fail(Assert.java:96)
	at org.testng.Assert.failNotEquals(Assert.java:776)
	at org.testng.Assert.assertFalse(Assert.java:65)
	at org.testng.Assert.assertFalse(Assert.java:75)
	at com.instigate.app.ChatTest.signInEmptyName(ChatTest.java:61)
</failure>
    <system-err>JavaScript error: https://maxcdn.bootstrapcdn.com/bootstrap/4.3.1/js/bootstrap.min.js, line 6: TypeError: g is undefined
JavaScript warning: http://code.jquery.com/jquery-1.9.1.min.js, line 2: Using //@ to indicate sourceMappingURL pragmas is deprecated. Use //# instead
</system-err>
  </testcase>
</testsuite>