<?xml version="1.0" encoding="UTF-8" ?>
<testsuite tests="9" failures="1" name="com.instigate.app.AppTest" time="6.648" errors="0" skipped="8">
  <properties>
[...]
</properties>
  <testcase classname="com.instigate.app.AppTest" name="setUp" time="0.734">
    <failure message="The driver executable does not exist: /home/hunan/Desktop/Maven/selenium-chat-test/src/main/resources/chromedriver" type="java.lang.IllegalStateException">java.lang.IllegalStateException: The driver executable does not exist: /home/hunan/Desktop/Maven/selenium-chat-test/src/main/resources/chromedriver
	at com.google.common.base.Preconditions.checkState(Preconditions.java:585)
	at org.openqa.selenium.remote.service.DriverService.checkExecutable(DriverService.java:137)
	at org.openqa.selenium.remote.service.DriverService.findExecutable(DriverService.java:132)
	at org.openqa.selenium.chrome.ChromeDriverService.access$000(ChromeDriverService.java:35)
	at org.openqa.selenium.chrome.ChromeDriverService$Builder.findDefaultExecutable(ChromeDriverService.java:156)
	at org.openqa.selenium.remote.service.DriverService$Builder.build(DriverService.java:346)
	at org.openqa.selenium.chrome.ChromeDriverService.createDefaultService(ChromeDriverService.java:91)
	at org.openqa.selenium.chrome.ChromeDriver.&lt;init&gt;(ChromeDriver.java:123)
	at com.instigate.app.AppTest.setUp(AppTest.java:22)
</failure>
    <system-out>Configuring TestNG with: org.apache.maven.surefire.testng.conf.TestNG652Configurator@3a4afd8d
</system-out>
  </testcase>
  <testcase classname="com.instigate.app.AppTest" name="addUser" time="0.738">
    <skipped/>
  </testcase>
  <testcase classname="com.instigate.app.AppTest" name="signInBefore" time="0.739">
    <skipped/>
  </testcase>
  <testcase classname="com.instigate.app.AppTest" name="sendEmptyMessageNegativeTest" time="0.739">
    <skipped/>
  </testcase>
  <testcase classname="com.instigate.app.AppTest" name="sendMessageNegativeTest" time="0.739">
    <skipped/>
  </testcase>
  <testcase classname="com.instigate.app.AppTest" name="signInNegativeTest" time="0.739">
    <skipped/>
  </testcase>
  <testcase classname="com.instigate.app.AppTest" name="signInNegativeTsest" time="0.74">
    <skipped/>
  </testcase>
  <testcase classname="com.instigate.app.AppTest" name="signInTest" time="0.74">
    <skipped/>
  </testcase>
  <testcase classname="com.instigate.app.AppTest" name="exit" time="0.74">
    <skipped/>
  </testcase>
</testsuite>